This is pdfTeX, Version 3.14159265-2.6-1.40.17 (TeX Live 2016) (preloaded format=pdflatex 2017.1.20)  12 MAR 2017 22:12
entering extended mode
 restricted \write18 enabled.
 file:line:error style messages enabled.
 %&-line parsing enabled.
**\input problemset.tex
(./problemset.tex
(/usr/local/texlive/2016basic/texmf-dist/tex/latex/base/article.cls
Document Class: article 2014/09/29 v1.4h Standard LaTeX document class
(/usr/local/texlive/2016basic/texmf-dist/tex/latex/base/size12.clo
File: size12.clo 2014/09/29 v1.4h Standard LaTeX file (size option)
)
\c@part=\count79
\c@section=\count80
\c@subsection=\count81
\c@subsubsection=\count82
\c@paragraph=\count83
\c@subparagraph=\count84
\c@figure=\count85
\c@table=\count86
\abovecaptionskip=\skip41
\belowcaptionskip=\skip42
\bibindent=\dimen102
)
(/usr/local/texlive/2016basic/texmf-dist/tex/latex/mathtools/mathtools.sty
Package: mathtools 2015/11/12 v1.18 mathematical typesetting tools

(/usr/local/texlive/2016basic/texmf-dist/tex/latex/graphics/keyval.sty
Package: keyval 2014/10/28 v1.15 key=value parser (DPC)
\KV@toks@=\toks14
)
(/usr/local/texlive/2016basic/texmf-dist/tex/latex/tools/calc.sty
Package: calc 2014/10/28 v4.3 Infix arithmetic (KKT,FJ)
\calc@Acount=\count87
\calc@Bcount=\count88
\calc@Adimen=\dimen103
\calc@Bdimen=\dimen104
\calc@Askip=\skip43
\calc@Bskip=\skip44
LaTeX Info: Redefining \setlength on input line 80.
LaTeX Info: Redefining \addtolength on input line 81.
\calc@Ccount=\count89
\calc@Cskip=\skip45
)
(/usr/local/texlive/2016basic/texmf-dist/tex/latex/mathtools/mhsetup.sty
Package: mhsetup 2010/01/21 v1.2a programming setup (MH)
)
(/usr/local/texlive/2016basic/texmf-dist/tex/latex/amsmath/amsmath.sty
Package: amsmath 2016/06/28 v2.15d AMS math features
\@mathmargin=\skip46

For additional information on amsmath, use the `?' option.
(/usr/local/texlive/2016basic/texmf-dist/tex/latex/amsmath/amstext.sty
Package: amstext 2000/06/29 v2.01 AMS text

(/usr/local/texlive/2016basic/texmf-dist/tex/latex/amsmath/amsgen.sty
File: amsgen.sty 1999/11/30 v2.0 generic functions
\@emptytoks=\toks15
\ex@=\dimen105
))
(/usr/local/texlive/2016basic/texmf-dist/tex/latex/amsmath/amsbsy.sty
Package: amsbsy 1999/11/29 v1.2d Bold Symbols
\pmbraise@=\dimen106
)
(/usr/local/texlive/2016basic/texmf-dist/tex/latex/amsmath/amsopn.sty
Package: amsopn 2016/03/08 v2.02 operator names
)
\inf@bad=\count90
LaTeX Info: Redefining \frac on input line 199.
\uproot@=\count91
\leftroot@=\count92
LaTeX Info: Redefining \overline on input line 297.
\classnum@=\count93
\DOTSCASE@=\count94
LaTeX Info: Redefining \ldots on input line 394.
LaTeX Info: Redefining \dots on input line 397.
LaTeX Info: Redefining \cdots on input line 518.
\Mathstrutbox@=\box26
\strutbox@=\box27
\big@size=\dimen107
LaTeX Font Info:    Redeclaring font encoding OML on input line 634.
LaTeX Font Info:    Redeclaring font encoding OMS on input line 635.
\macc@depth=\count95
\c@MaxMatrixCols=\count96
\dotsspace@=\muskip10
\c@parentequation=\count97
\dspbrk@lvl=\count98
\tag@help=\toks16
\row@=\count99
\column@=\count100
\maxfields@=\count101
\andhelp@=\toks17
\eqnshift@=\dimen108
\alignsep@=\dimen109
\tagshift@=\dimen110
\tagwidth@=\dimen111
\totwidth@=\dimen112
\lineht@=\dimen113
\@envbody=\toks18
\multlinegap=\skip47
\multlinetaggap=\skip48
\mathdisplay@stack=\toks19
LaTeX Info: Redefining \[ on input line 2739.
LaTeX Info: Redefining \] on input line 2740.
)
LaTeX Info: Thecontrolsequence`\('isalreadyrobust on input line 129.
LaTeX Info: Thecontrolsequence`\)'isalreadyrobust on input line 129.
LaTeX Info: Thecontrolsequence`\['isalreadyrobust on input line 129.
LaTeX Info: Thecontrolsequence`\]'isalreadyrobust on input line 129.
\g_MT_multlinerow_int=\count102
\l_MT_multwidth_dim=\dimen114
\origjot=\skip49
\l_MT_shortvdotswithinadjustabove_dim=\dimen115
\l_MT_shortvdotswithinadjustbelow_dim=\dimen116
\l_MT_above_intertext_sep=\dimen117
\l_MT_below_intertext_sep=\dimen118
\l_MT_above_shortintertext_sep=\dimen119
\l_MT_below_shortintertext_sep=\dimen120
)
(/usr/local/texlive/2016basic/texmf-dist/tex/latex/amsfonts/amsfonts.sty
Package: amsfonts 2013/01/14 v3.01 Basic AMSFonts support
\symAMSa=\mathgroup4
\symAMSb=\mathgroup5
LaTeX Font Info:    Overwriting math alphabet `\mathfrak' in version `bold'
(Font)                  U/euf/m/n --> U/euf/b/n on input line 106.
)
(/usr/local/texlive/2016basic/texmf-dist/tex/latex/amsfonts/amssymb.sty
Package: amssymb 2013/01/14 v3.01 AMS font symbols
)
(/usr/local/texlive/2016basic/texmf-dist/tex/latex/tools/bm.sty
Package: bm 2016/07/07 v1.2b Bold Symbol Support (DPC/FMi)
\symboldoperators=\mathgroup6
\symboldletters=\mathgroup7
\symboldsymbols=\mathgroup8
LaTeX Font Info:    Redeclaring math alphabet \mathbf on input line 142.
LaTeX Info: Redefining \bm on input line 208.
)
(/usr/local/texlive/2016basic/texmf-dist/tex/latex/commath/commath.sty
(/usr/local/texlive/2016basic/texmf-dist/tex/latex/base/ifthen.sty
Package: ifthen 2014/09/29 v1.1c Standard LaTeX ifthen package (DPC)
))
(/usr/local/texlive/2016basic/texmf-dist/tex/latex/tools/multicol.sty
Package: multicol 2016/04/07 v1.8p multicolumn formatting (FMi)
\c@tracingmulticols=\count103
\mult@box=\box28
\multicol@leftmargin=\dimen121
\c@unbalance=\count104
\c@collectmore=\count105
\doublecol@number=\count106
\multicoltolerance=\count107
\multicolpretolerance=\count108
\full@width=\dimen122
\page@free=\dimen123
\premulticols=\dimen124
\postmulticols=\dimen125
\multicolsep=\skip50
\multicolbaselineskip=\skip51
\partial@page=\box29
\last@line=\box30
\maxbalancingoverflow=\dimen126
\mult@rightbox=\box31
\mult@grightbox=\box32
\mult@gfirstbox=\box33
\mult@firstbox=\box34
\@tempa=\box35
\@tempa=\box36
\@tempa=\box37
\@tempa=\box38
\@tempa=\box39
\@tempa=\box40
\@tempa=\box41
\@tempa=\box42
\@tempa=\box43
\@tempa=\box44
\@tempa=\box45
\@tempa=\box46
\@tempa=\box47
\@tempa=\box48
\@tempa=\box49
\@tempa=\box50
\@tempa=\box51
\c@columnbadness=\count109
\c@finalcolumnbadness=\count110
\last@try=\dimen127
\multicolovershoot=\dimen128
\multicolundershoot=\dimen129
\mult@nat@firstbox=\box52
\colbreak@box=\box53
\mc@col@check@num=\count111
)
(/usr/local/texlive/2016basic/texmf-dist/tex/latex/algorithmicx/algorithmicx.st
y
Package: algorithmicx 2005/04/27 v1.2 Algorithmicx

Document Style algorithmicx 1.2 - a greatly improved `algorithmic' style
\c@ALG@line=\count112
\c@ALG@rem=\count113
\c@ALG@nested=\count114
\ALG@tlm=\skip52
\ALG@thistlm=\skip53
\c@ALG@Lnr=\count115
\c@ALG@blocknr=\count116
\c@ALG@storecount=\count117
\c@ALG@tmpcounter=\count118
\ALG@tmplength=\skip54
) (/usr/local/texlive/2016basic/texmf-dist/tex/latex/tkz-graph/tkz-graph.sty
Package: tkz-graph 2011/06/01 ctan v 1.00 base for graphs

(/usr/local/texlive/2016basic/texmf-dist/tex/latex/etex-pkg/etex.sty
Package: etex 2016/08/01 v2.7 eTeX basic definition package (PEB,DPC)
\et@xins=\count119
)
(/usr/local/texlive/2016basic/texmf-dist/tex/latex/xkeyval/xkeyval.sty
Package: xkeyval 2014/12/03 v2.7a package option processing (HA)

(/usr/local/texlive/2016basic/texmf-dist/tex/generic/xkeyval/xkeyval.tex
(/usr/local/texlive/2016basic/texmf-dist/tex/generic/xkeyval/xkvutils.tex
\XKV@toks=\toks20
\XKV@tempa@toks=\toks21
)
\XKV@depth=\count120
File: xkeyval.tex 2014/12/03 v2.7a key=value parser (HA)
))
(/usr/local/texlive/2016basic/texmf-dist/tex/latex/pgf/frontendlayer/tikz.sty
(/usr/local/texlive/2016basic/texmf-dist/tex/latex/pgf/basiclayer/pgf.sty
(/usr/local/texlive/2016basic/texmf-dist/tex/latex/pgf/utilities/pgfrcs.sty
(/usr/local/texlive/2016basic/texmf-dist/tex/generic/pgf/utilities/pgfutil-comm
on.tex
\pgfutil@everybye=\toks22
\pgfutil@tempdima=\dimen130
\pgfutil@tempdimb=\dimen131

(/usr/local/texlive/2016basic/texmf-dist/tex/generic/pgf/utilities/pgfutil-comm
on-lists.tex))
(/usr/local/texlive/2016basic/texmf-dist/tex/generic/pgf/utilities/pgfutil-late
x.def
\pgfutil@abb=\box54
 (/usr/local/texlive/2016basic/texmf-dist/tex/latex/ms/everyshi.sty
Package: everyshi 2001/05/15 v3.00 EveryShipout Package (MS)
))
(/usr/local/texlive/2016basic/texmf-dist/tex/generic/pgf/utilities/pgfrcs.code.
tex
Package: pgfrcs 2015/08/07 v3.0.1a (rcs-revision 1.31)
))
Package: pgf 2015/08/07 v3.0.1a (rcs-revision 1.15)

(/usr/local/texlive/2016basic/texmf-dist/tex/latex/pgf/basiclayer/pgfcore.sty
(/usr/local/texlive/2016basic/texmf-dist/tex/latex/graphics/graphicx.sty
Package: graphicx 2014/10/28 v1.0g Enhanced LaTeX Graphics (DPC,SPQR)

(/usr/local/texlive/2016basic/texmf-dist/tex/latex/graphics/graphics.sty
Package: graphics 2016/07/10 v1.0t Standard LaTeX Graphics (DPC,SPQR)

(/usr/local/texlive/2016basic/texmf-dist/tex/latex/graphics/trig.sty
Package: trig 2016/01/03 v1.10 sin cos tan (DPC)
)
(/usr/local/texlive/2016basic/texmf-dist/tex/latex/graphics-cfg/graphics.cfg
File: graphics.cfg 2016/06/04 v1.11 sample graphics configuration
)
Package graphics Info: Driver file: pdftex.def on input line 99.

(/usr/local/texlive/2016basic/texmf-dist/tex/latex/graphics-def/pdftex.def
File: pdftex.def 2016/07/10 v0.06j Graphics/color for pdfTeX

(/usr/local/texlive/2016basic/texmf-dist/tex/generic/oberdiek/infwarerr.sty
Package: infwarerr 2016/05/16 v1.4 Providing info/warning/error messages (HO)
)
(/usr/local/texlive/2016basic/texmf-dist/tex/generic/oberdiek/ltxcmds.sty
Package: ltxcmds 2016/05/16 v1.23 LaTeX kernel commands for general use (HO)
)
\Gread@gobject=\count121
))
\Gin@req@height=\dimen132
\Gin@req@width=\dimen133
)
(/usr/local/texlive/2016basic/texmf-dist/tex/latex/pgf/systemlayer/pgfsys.sty
(/usr/local/texlive/2016basic/texmf-dist/tex/generic/pgf/systemlayer/pgfsys.cod
e.tex
Package: pgfsys 2014/07/09 v3.0.1a (rcs-revision 1.48)

(/usr/local/texlive/2016basic/texmf-dist/tex/generic/pgf/utilities/pgfkeys.code
.tex
\pgfkeys@pathtoks=\toks23
\pgfkeys@temptoks=\toks24

(/usr/local/texlive/2016basic/texmf-dist/tex/generic/pgf/utilities/pgfkeysfilte
red.code.tex
\pgfkeys@tmptoks=\toks25
))
\pgf@x=\dimen134
\pgf@y=\dimen135
\pgf@xa=\dimen136
\pgf@ya=\dimen137
\pgf@xb=\dimen138
\pgf@yb=\dimen139
\pgf@xc=\dimen140
\pgf@yc=\dimen141
\w@pgf@writea=\write3
\r@pgf@reada=\read1
\c@pgf@counta=\count122
\c@pgf@countb=\count123
\c@pgf@countc=\count124
\c@pgf@countd=\count125
\t@pgf@toka=\toks26
\t@pgf@tokb=\toks27
\t@pgf@tokc=\toks28

(/usr/local/texlive/2016basic/texmf-dist/tex/generic/pgf/systemlayer/pgf.cfg
File: pgf.cfg 2008/05/14  (rcs-revision 1.7)
)
Driver file for pgf: pgfsys-pdftex.def

(/usr/local/texlive/2016basic/texmf-dist/tex/generic/pgf/systemlayer/pgfsys-pdf
tex.def
File: pgfsys-pdftex.def 2014/10/11  (rcs-revision 1.35)

(/usr/local/texlive/2016basic/texmf-dist/tex/generic/pgf/systemlayer/pgfsys-com
mon-pdf.def
File: pgfsys-common-pdf.def 2013/10/10  (rcs-revision 1.13)
)))
(/usr/local/texlive/2016basic/texmf-dist/tex/generic/pgf/systemlayer/pgfsyssoft
path.code.tex
File: pgfsyssoftpath.code.tex 2013/09/09  (rcs-revision 1.9)
\pgfsyssoftpath@smallbuffer@items=\count126
\pgfsyssoftpath@bigbuffer@items=\count127
)
(/usr/local/texlive/2016basic/texmf-dist/tex/generic/pgf/systemlayer/pgfsysprot
ocol.code.tex
File: pgfsysprotocol.code.tex 2006/10/16  (rcs-revision 1.4)
))
(/usr/local/texlive/2016basic/texmf-dist/tex/latex/xcolor/xcolor.sty
Package: xcolor 2016/05/11 v2.12 LaTeX color extensions (UK)

(/usr/local/texlive/2016basic/texmf-dist/tex/latex/graphics-cfg/color.cfg
File: color.cfg 2016/01/02 v1.6 sample color configuration
)
Package xcolor Info: Driver file: pdftex.def on input line 225.
Package xcolor Info: Model `cmy' substituted by `cmy0' on input line 1348.
Package xcolor Info: Model `hsb' substituted by `rgb' on input line 1352.
Package xcolor Info: Model `RGB' extended on input line 1364.
Package xcolor Info: Model `HTML' substituted by `rgb' on input line 1366.
Package xcolor Info: Model `Hsb' substituted by `hsb' on input line 1367.
Package xcolor Info: Model `tHsb' substituted by `hsb' on input line 1368.
Package xcolor Info: Model `HSB' substituted by `hsb' on input line 1369.
Package xcolor Info: Model `Gray' substituted by `gray' on input line 1370.
Package xcolor Info: Model `wave' substituted by `hsb' on input line 1371.
)
(/usr/local/texlive/2016basic/texmf-dist/tex/generic/pgf/basiclayer/pgfcore.cod
e.tex
Package: pgfcore 2010/04/11 v3.0.1a (rcs-revision 1.7)

(/usr/local/texlive/2016basic/texmf-dist/tex/generic/pgf/math/pgfmath.code.tex
(/usr/local/texlive/2016basic/texmf-dist/tex/generic/pgf/math/pgfmathcalc.code.
tex
(/usr/local/texlive/2016basic/texmf-dist/tex/generic/pgf/math/pgfmathutil.code.
tex)
(/usr/local/texlive/2016basic/texmf-dist/tex/generic/pgf/math/pgfmathparser.cod
e.tex
\pgfmath@dimen=\dimen142
\pgfmath@count=\count128
\pgfmath@box=\box55
\pgfmath@toks=\toks29
\pgfmath@stack@operand=\toks30
\pgfmath@stack@operation=\toks31
)
(/usr/local/texlive/2016basic/texmf-dist/tex/generic/pgf/math/pgfmathfunctions.
code.tex
(/usr/local/texlive/2016basic/texmf-dist/tex/generic/pgf/math/pgfmathfunctions.
basic.code.tex)
(/usr/local/texlive/2016basic/texmf-dist/tex/generic/pgf/math/pgfmathfunctions.
trigonometric.code.tex)
(/usr/local/texlive/2016basic/texmf-dist/tex/generic/pgf/math/pgfmathfunctions.
random.code.tex)
(/usr/local/texlive/2016basic/texmf-dist/tex/generic/pgf/math/pgfmathfunctions.
comparison.code.tex)
(/usr/local/texlive/2016basic/texmf-dist/tex/generic/pgf/math/pgfmathfunctions.
base.code.tex)
(/usr/local/texlive/2016basic/texmf-dist/tex/generic/pgf/math/pgfmathfunctions.
round.code.tex)
(/usr/local/texlive/2016basic/texmf-dist/tex/generic/pgf/math/pgfmathfunctions.
misc.code.tex)
(/usr/local/texlive/2016basic/texmf-dist/tex/generic/pgf/math/pgfmathfunctions.
integerarithmetics.code.tex)))
(/usr/local/texlive/2016basic/texmf-dist/tex/generic/pgf/math/pgfmathfloat.code
.tex
\c@pgfmathroundto@lastzeros=\count129
))
(/usr/local/texlive/2016basic/texmf-dist/tex/generic/pgf/basiclayer/pgfcorepoin
ts.code.tex
File: pgfcorepoints.code.tex 2013/10/07  (rcs-revision 1.27)
\pgf@picminx=\dimen143
\pgf@picmaxx=\dimen144
\pgf@picminy=\dimen145
\pgf@picmaxy=\dimen146
\pgf@pathminx=\dimen147
\pgf@pathmaxx=\dimen148
\pgf@pathminy=\dimen149
\pgf@pathmaxy=\dimen150
\pgf@xx=\dimen151
\pgf@xy=\dimen152
\pgf@yx=\dimen153
\pgf@yy=\dimen154
\pgf@zx=\dimen155
\pgf@zy=\dimen156
)
(/usr/local/texlive/2016basic/texmf-dist/tex/generic/pgf/basiclayer/pgfcorepath
construct.code.tex
File: pgfcorepathconstruct.code.tex 2013/10/07  (rcs-revision 1.29)
\pgf@path@lastx=\dimen157
\pgf@path@lasty=\dimen158
)
(/usr/local/texlive/2016basic/texmf-dist/tex/generic/pgf/basiclayer/pgfcorepath
usage.code.tex
File: pgfcorepathusage.code.tex 2014/11/02  (rcs-revision 1.24)
\pgf@shorten@end@additional=\dimen159
\pgf@shorten@start@additional=\dimen160
)
(/usr/local/texlive/2016basic/texmf-dist/tex/generic/pgf/basiclayer/pgfcorescop
es.code.tex
File: pgfcorescopes.code.tex 2015/05/08  (rcs-revision 1.46)
\pgfpic=\box56
\pgf@hbox=\box57
\pgf@layerbox@main=\box58
\pgf@picture@serial@count=\count130
)
(/usr/local/texlive/2016basic/texmf-dist/tex/generic/pgf/basiclayer/pgfcoregrap
hicstate.code.tex
File: pgfcoregraphicstate.code.tex 2014/11/02  (rcs-revision 1.12)
\pgflinewidth=\dimen161
)
(/usr/local/texlive/2016basic/texmf-dist/tex/generic/pgf/basiclayer/pgfcoretran
sformations.code.tex
File: pgfcoretransformations.code.tex 2015/08/07  (rcs-revision 1.20)
\pgf@pt@x=\dimen162
\pgf@pt@y=\dimen163
\pgf@pt@temp=\dimen164
)
(/usr/local/texlive/2016basic/texmf-dist/tex/generic/pgf/basiclayer/pgfcorequic
k.code.tex
File: pgfcorequick.code.tex 2008/10/09  (rcs-revision 1.3)
)
(/usr/local/texlive/2016basic/texmf-dist/tex/generic/pgf/basiclayer/pgfcoreobje
cts.code.tex
File: pgfcoreobjects.code.tex 2006/10/11  (rcs-revision 1.2)
)
(/usr/local/texlive/2016basic/texmf-dist/tex/generic/pgf/basiclayer/pgfcorepath
processing.code.tex
File: pgfcorepathprocessing.code.tex 2013/09/09  (rcs-revision 1.9)
)
(/usr/local/texlive/2016basic/texmf-dist/tex/generic/pgf/basiclayer/pgfcorearro
ws.code.tex
File: pgfcorearrows.code.tex 2015/05/14  (rcs-revision 1.43)
\pgfarrowsep=\dimen165
)
(/usr/local/texlive/2016basic/texmf-dist/tex/generic/pgf/basiclayer/pgfcoreshad
e.code.tex
File: pgfcoreshade.code.tex 2013/07/15  (rcs-revision 1.15)
\pgf@max=\dimen166
\pgf@sys@shading@range@num=\count131
)
(/usr/local/texlive/2016basic/texmf-dist/tex/generic/pgf/basiclayer/pgfcoreimag
e.code.tex
File: pgfcoreimage.code.tex 2013/07/15  (rcs-revision 1.18)

(/usr/local/texlive/2016basic/texmf-dist/tex/generic/pgf/basiclayer/pgfcoreexte
rnal.code.tex
File: pgfcoreexternal.code.tex 2014/07/09  (rcs-revision 1.21)
\pgfexternal@startupbox=\box59
))
(/usr/local/texlive/2016basic/texmf-dist/tex/generic/pgf/basiclayer/pgfcorelaye
rs.code.tex
File: pgfcorelayers.code.tex 2013/07/18  (rcs-revision 1.7)
)
(/usr/local/texlive/2016basic/texmf-dist/tex/generic/pgf/basiclayer/pgfcoretran
sparency.code.tex
File: pgfcoretransparency.code.tex 2013/09/30  (rcs-revision 1.5)
)
(/usr/local/texlive/2016basic/texmf-dist/tex/generic/pgf/basiclayer/pgfcorepatt
erns.code.tex
File: pgfcorepatterns.code.tex 2013/11/07  (rcs-revision 1.5)
)))
(/usr/local/texlive/2016basic/texmf-dist/tex/generic/pgf/modules/pgfmoduleshape
s.code.tex
File: pgfmoduleshapes.code.tex 2014/03/21  (rcs-revision 1.35)
\pgfnodeparttextbox=\box60
)
(/usr/local/texlive/2016basic/texmf-dist/tex/generic/pgf/modules/pgfmoduleplot.
code.tex
File: pgfmoduleplot.code.tex 2015/08/03  (rcs-revision 1.13)
)
(/usr/local/texlive/2016basic/texmf-dist/tex/latex/pgf/compatibility/pgfcomp-ve
rsion-0-65.sty
Package: pgfcomp-version-0-65 2007/07/03 v3.0.1a (rcs-revision 1.7)
\pgf@nodesepstart=\dimen167
\pgf@nodesepend=\dimen168
)
(/usr/local/texlive/2016basic/texmf-dist/tex/latex/pgf/compatibility/pgfcomp-ve
rsion-1-18.sty
Package: pgfcomp-version-1-18 2007/07/23 v3.0.1a (rcs-revision 1.1)
))
(/usr/local/texlive/2016basic/texmf-dist/tex/latex/pgf/utilities/pgffor.sty
(/usr/local/texlive/2016basic/texmf-dist/tex/latex/pgf/utilities/pgfkeys.sty
(/usr/local/texlive/2016basic/texmf-dist/tex/generic/pgf/utilities/pgfkeys.code
.tex)) (/usr/local/texlive/2016basic/texmf-dist/tex/latex/pgf/math/pgfmath.sty
(/usr/local/texlive/2016basic/texmf-dist/tex/generic/pgf/math/pgfmath.code.tex)
)
(/usr/local/texlive/2016basic/texmf-dist/tex/generic/pgf/utilities/pgffor.code.
tex
Package: pgffor 2013/12/13 v3.0.1a (rcs-revision 1.25)

(/usr/local/texlive/2016basic/texmf-dist/tex/generic/pgf/math/pgfmath.code.tex)
\pgffor@iter=\dimen169
\pgffor@skip=\dimen170
\pgffor@stack=\toks32
\pgffor@toks=\toks33
))
(/usr/local/texlive/2016basic/texmf-dist/tex/generic/pgf/frontendlayer/tikz/tik
z.code.tex
Package: tikz 2015/08/07 v3.0.1a (rcs-revision 1.151)

(/usr/local/texlive/2016basic/texmf-dist/tex/generic/pgf/libraries/pgflibrarypl
othandlers.code.tex
File: pgflibraryplothandlers.code.tex 2013/08/31 v3.0.1a (rcs-revision 1.20)
\pgf@plot@mark@count=\count132
\pgfplotmarksize=\dimen171
)
\tikz@lastx=\dimen172
\tikz@lasty=\dimen173
\tikz@lastxsaved=\dimen174
\tikz@lastysaved=\dimen175
\tikzleveldistance=\dimen176
\tikzsiblingdistance=\dimen177
\tikz@figbox=\box61
\tikz@figbox@bg=\box62
\tikz@tempbox=\box63
\tikz@tempbox@bg=\box64
\tikztreelevel=\count133
\tikznumberofchildren=\count134
\tikznumberofcurrentchild=\count135
\tikz@fig@count=\count136

(/usr/local/texlive/2016basic/texmf-dist/tex/generic/pgf/modules/pgfmodulematri
x.code.tex
File: pgfmodulematrix.code.tex 2013/09/17  (rcs-revision 1.8)
\pgfmatrixcurrentrow=\count137
\pgfmatrixcurrentcolumn=\count138
\pgf@matrix@numberofcolumns=\count139
)
\tikz@expandcount=\count140

(/usr/local/texlive/2016basic/texmf-dist/tex/generic/pgf/frontendlayer/tikz/lib
raries/tikzlibrarytopaths.code.tex
File: tikzlibrarytopaths.code.tex 2008/06/17 v3.0.1a (rcs-revision 1.2)
)))
(/usr/local/texlive/2016basic/texmf-dist/tex/generic/pgf/frontendlayer/tikz/lib
raries/tikzlibraryarrows.code.tex
File: tikzlibraryarrows.code.tex 2008/01/09 v3.0.1a (rcs-revision 1.1)

(/usr/local/texlive/2016basic/texmf-dist/tex/generic/pgf/libraries/pgflibraryar
rows.code.tex
File: pgflibraryarrows.code.tex 2013/09/23 v3.0.1a (rcs-revision 1.16)
\arrowsize=\dimen178
))
\c@tkz@gr@a=\count141
\c@tkz@gr@b=\count142
\c@tkz@gr@c=\count143
\c@tkz@gr@e=\count144
\c@tkz@gr@d=\count145
\c@tkz@gr@p=\count146
\c@tkz@gr@i=\count147
\c@tkz@gr@n=\count148
\c@tkz@gr@ta=\count149
\c@tkz@gr@tb=\count150
)
(/usr/local/texlive/2016basic/texmf-dist/tex/latex/algorithms/algorithm.sty
Package: algorithm 2009/08/24 v0.1 Document Style `algorithm' - floating enviro
nment

(/usr/local/texlive/2016basic/texmf-dist/tex/latex/float/float.sty
Package: float 2001/11/08 v1.3d Float enhancements (AL)
\c@float@type=\count151
\float@exts=\toks34
\float@box=\box65
\@float@everytoks=\toks35
\@floatcapt=\box66
)
\@float@every@algorithm=\toks36
\c@algorithm=\count152
)
(/usr/local/texlive/2016basic/texmf-dist/tex/latex/fancyhdr/fancyhdr.sty
Package: fancyhdr 2016/09/06 3.8 Extensive control of page headers and footers
\fancy@headwidth=\skip55
\f@ncyO@elh=\skip56
\f@ncyO@erh=\skip57
\f@ncyO@olh=\skip58
\f@ncyO@orh=\skip59
\f@ncyO@elf=\skip60
\f@ncyO@erf=\skip61
\f@ncyO@olf=\skip62
\f@ncyO@orf=\skip63
)
(/usr/local/texlive/2016basic/texmf-dist/tex/latex/pgfplots/pgfplots.sty
(/usr/local/texlive/2016basic/texmf-dist/tex/generic/pgfplots/pgfplots.revision
.tex)
Package: pgfplots 2016/08/10 v1.14 Data Visualization (1.14)

(/usr/local/texlive/2016basic/texmf-dist/tex/generic/pgfplots/pgfplots.code.tex

(/usr/local/texlive/2016basic/texmf-dist/tex/generic/pgfplots/pgfplotscore.code
.tex
\t@pgfplots@toka=\toks37
\t@pgfplots@tokb=\toks38
\t@pgfplots@tokc=\toks39
\pgfplots@tmpa=\dimen179
\c@pgfplots@coordindex=\count153
\c@pgfplots@scanlineindex=\count154

(/usr/local/texlive/2016basic/texmf-dist/tex/generic/pgfplots/sys/pgfplotssysge
neric.code.tex))
(/usr/local/texlive/2016basic/texmf-dist/tex/generic/pgfplots/libs/pgfplotslibr
ary.code.tex)
(/usr/local/texlive/2016basic/texmf-dist/tex/generic/pgfplots/oldpgfcompatib/pg
fplotsoldpgfsupp_loader.code.tex
(/usr/local/texlive/2016basic/texmf-dist/tex/generic/pgf/libraries/pgflibraryfp
u.code.tex)
Package pgfplots: loading complementary arithmetics for your pgf version...

(/usr/local/texlive/2016basic/texmf-dist/tex/generic/pgfplots/oldpgfcompatib/pg
fplotsoldpgfsupp_pgflibraryfpu.code.tex)
(/usr/local/texlive/2016basic/texmf-dist/tex/generic/pgfplots/oldpgfcompatib/pg
fplotsoldpgfsupp_pgfmathfloat.code.tex
\c@pgfmathroundto@lastzeros=\count155
))
(/usr/local/texlive/2016basic/texmf-dist/tex/generic/pgfplots/util/pgfplotsutil
.code.tex
(/usr/local/texlive/2016basic/texmf-dist/tex/generic/pgfplots/liststructure/pgf
plotsliststructure.code.tex)
(/usr/local/texlive/2016basic/texmf-dist/tex/generic/pgfplots/liststructure/pgf
plotsliststructureext.code.tex)
(/usr/local/texlive/2016basic/texmf-dist/tex/generic/pgfplots/liststructure/pgf
plotsarray.code.tex
\c@pgfplotsarray@tmp=\count156
)
(/usr/local/texlive/2016basic/texmf-dist/tex/generic/pgfplots/liststructure/pgf
plotsmatrix.code.tex)
(/usr/local/texlive/2016basic/texmf-dist/tex/generic/pgfplots/numtable/pgfplots
tableshared.code.tex
\c@pgfplotstable@counta=\count157
\t@pgfplotstable@a=\toks40
)
(/usr/local/texlive/2016basic/texmf-dist/tex/generic/pgfplots/liststructure/pgf
plotsdeque.code.tex)
(/usr/local/texlive/2016basic/texmf-dist/tex/generic/pgfplots/util/pgfplotsbina
ry.code.tex
(/usr/local/texlive/2016basic/texmf-dist/tex/generic/pgfplots/util/pgfplotsbina
ry.data.code.tex))
(/usr/local/texlive/2016basic/texmf-dist/tex/generic/pgfplots/util/pgfplotsutil
.verb.code.tex)
(/usr/local/texlive/2016basic/texmf-dist/tex/generic/pgfplots/libs/pgflibrarypg
fplots.surfshading.code.tex
\c@pgfplotslibrarysurf@no=\count158

(/usr/local/texlive/2016basic/texmf-dist/tex/generic/pgfplots/sys/pgflibrarypgf
plots.surfshading.pgfsys-pdftex.def)))
(/usr/local/texlive/2016basic/texmf-dist/tex/generic/pgfplots/util/pgfplotscolo
rmap.code.tex
(/usr/local/texlive/2016basic/texmf-dist/tex/generic/pgfplots/util/pgfplotscolo
r.code.tex))
(/usr/local/texlive/2016basic/texmf-dist/tex/generic/pgfplots/pgfplotsstackedpl
ots.code.tex)
(/usr/local/texlive/2016basic/texmf-dist/tex/generic/pgfplots/pgfplotsplothandl
ers.code.tex
(/usr/local/texlive/2016basic/texmf-dist/tex/generic/pgfplots/pgfplotsmeshploth
andler.code.tex
(/usr/local/texlive/2016basic/texmf-dist/tex/generic/pgfplots/pgfplotsmeshploti
mage.code.tex)))
(/usr/local/texlive/2016basic/texmf-dist/tex/generic/pgfplots/pgfplots.scaling.
code.tex)
(/usr/local/texlive/2016basic/texmf-dist/tex/generic/pgfplots/pgfplotscoordproc
essing.code.tex)
(/usr/local/texlive/2016basic/texmf-dist/tex/generic/pgfplots/pgfplots.errorbar
s.code.tex)
(/usr/local/texlive/2016basic/texmf-dist/tex/generic/pgfplots/pgfplots.markers.
code.tex)
(/usr/local/texlive/2016basic/texmf-dist/tex/generic/pgfplots/pgfplotsticks.cod
e.tex)
(/usr/local/texlive/2016basic/texmf-dist/tex/generic/pgfplots/pgfplots.paths.co
de.tex)
(/usr/local/texlive/2016basic/texmf-dist/tex/generic/pgf/frontendlayer/tikz/lib
raries/tikzlibrarydecorations.code.tex
(/usr/local/texlive/2016basic/texmf-dist/tex/generic/pgf/modules/pgfmoduledecor
ations.code.tex
\pgfdecoratedcompleteddistance=\dimen180
\pgfdecoratedremainingdistance=\dimen181
\pgfdecoratedinputsegmentcompleteddistance=\dimen182
\pgfdecoratedinputsegmentremainingdistance=\dimen183
\pgf@decorate@distancetomove=\dimen184
\pgf@decorate@repeatstate=\count159
\pgfdecorationsegmentamplitude=\dimen185
\pgfdecorationsegmentlength=\dimen186
)
\tikz@lib@dec@box=\box67
)
(/usr/local/texlive/2016basic/texmf-dist/tex/generic/pgf/frontendlayer/tikz/lib
raries/tikzlibrarydecorations.pathmorphing.code.tex
(/usr/local/texlive/2016basic/texmf-dist/tex/generic/pgf/libraries/decorations/
pgflibrarydecorations.pathmorphing.code.tex))
(/usr/local/texlive/2016basic/texmf-dist/tex/generic/pgf/frontendlayer/tikz/lib
raries/tikzlibrarydecorations.pathreplacing.code.tex
(/usr/local/texlive/2016basic/texmf-dist/tex/generic/pgf/libraries/decorations/
pgflibrarydecorations.pathreplacing.code.tex))
\pgfplots@numplots=\count160
\pgfplots@xmin@reg=\dimen187
\pgfplots@xmax@reg=\dimen188
\pgfplots@ymin@reg=\dimen189
\pgfplots@ymax@reg=\dimen190
\pgfplots@zmin@reg=\dimen191
\pgfplots@zmax@reg=\dimen192
)
(/usr/local/texlive/2016basic/texmf-dist/tex/generic/pgf/frontendlayer/tikz/lib
raries/tikzlibraryplotmarks.code.tex
File: tikzlibraryplotmarks.code.tex 2008/01/09 v3.0.1a (rcs-revision 1.1)

(/usr/local/texlive/2016basic/texmf-dist/tex/generic/pgf/libraries/pgflibrarypl
otmarks.code.tex
File: pgflibraryplotmarks.code.tex 2015/08/03 v3.0.1a (rcs-revision 1.14)
)))
(/usr/local/texlive/2016basic/texmf-dist/tex/latex/fancyvrb/fancyvrb.sty
Package: fancyvrb 2008/02/07

Style option: `fancyvrb' v2.7a, with DG/SPQR fixes, and firstline=lastline fix 
<2008/02/07> (tvz)
\FV@CodeLineNo=\count161
\FV@InFile=\read2
\FV@TabBox=\box68
\c@FancyVerbLine=\count162
\FV@StepNumber=\count163
\FV@OutFile=\write4
)
(/usr/local/texlive/2016basic/texmf-dist/tex/latex/algorithmicx/algpseudocode.s
ty
Package: algpseudocode 

Document Style - pseudocode environments for use with the `algorithmicx' style
) (./problemset.aux)
\openout1 = `problemset.aux'.

LaTeX Font Info:    Checking defaults for OML/cmm/m/it on input line 19.
LaTeX Font Info:    ... okay on input line 19.
LaTeX Font Info:    Checking defaults for T1/cmr/m/n on input line 19.
LaTeX Font Info:    ... okay on input line 19.
LaTeX Font Info:    Checking defaults for OT1/cmr/m/n on input line 19.
LaTeX Font Info:    ... okay on input line 19.
LaTeX Font Info:    Checking defaults for OMS/cmsy/m/n on input line 19.
LaTeX Font Info:    ... okay on input line 19.
LaTeX Font Info:    Checking defaults for OMX/cmex/m/n on input line 19.
LaTeX Font Info:    ... okay on input line 19.
LaTeX Font Info:    Checking defaults for U/cmr/m/n on input line 19.
LaTeX Font Info:    ... okay on input line 19.
 ABD: EveryShipout initializing macros
(/usr/local/texlive/2016basic/texmf-dist/tex/context/base/mkii/supp-pdf.mkii
[Loading MPS to PDF converter (version 2006.09.02).]
\scratchcounter=\count164
\scratchdimen=\dimen193
\scratchbox=\box69
\nofMPsegments=\count165
\nofMParguments=\count166
\everyMPshowfont=\toks41
\MPscratchCnt=\count167
\MPscratchDim=\dimen194
\MPnumerator=\count168
\makeMPintoPDFobject=\count169
\everyMPtoPDFconversion=\toks42
) (/usr/local/texlive/2016basic/texmf-dist/tex/generic/oberdiek/pdftexcmds.sty
Package: pdftexcmds 2016/05/21 v0.22 Utility functions of pdfTeX for LuaTeX (HO
)

(/usr/local/texlive/2016basic/texmf-dist/tex/generic/oberdiek/ifluatex.sty
Package: ifluatex 2016/05/16 v1.4 Provides the ifluatex switch (HO)
Package ifluatex Info: LuaTeX not detected.
)
(/usr/local/texlive/2016basic/texmf-dist/tex/generic/oberdiek/ifpdf.sty
Package: ifpdf 2016/05/14 v3.1 Provides the ifpdf switch
)
Package pdftexcmds Info: LuaTeX not detected.
Package pdftexcmds Info: \pdf@primitive is available.
Package pdftexcmds Info: \pdf@ifprimitive is available.
Package pdftexcmds Info: \pdfdraftmode found.
)
(/usr/local/texlive/2016basic/texmf-dist/tex/latex/oberdiek/epstopdf-base.sty
Package: epstopdf-base 2016/05/15 v2.6 Base part for package epstopdf

(/usr/local/texlive/2016basic/texmf-dist/tex/latex/oberdiek/grfext.sty
Package: grfext 2016/05/16 v1.2 Manage graphics extensions (HO)

(/usr/local/texlive/2016basic/texmf-dist/tex/generic/oberdiek/kvdefinekeys.sty
Package: kvdefinekeys 2016/05/16 v1.4 Define keys (HO)
)) (/usr/local/texlive/2016basic/texmf-dist/tex/latex/oberdiek/kvoptions.sty
Package: kvoptions 2016/05/16 v3.12 Key value format for package options (HO)

(/usr/local/texlive/2016basic/texmf-dist/tex/generic/oberdiek/kvsetkeys.sty
Package: kvsetkeys 2016/05/16 v1.17 Key value parser (HO)

(/usr/local/texlive/2016basic/texmf-dist/tex/generic/oberdiek/etexcmds.sty
Package: etexcmds 2016/05/16 v1.6 Avoid name clashes with e-TeX commands (HO)
Package etexcmds Info: Could not find \expanded.
(etexcmds)             That can mean that you are not using pdfTeX 1.50 or
(etexcmds)             that some package has redefined \expanded.
(etexcmds)             In the latter case, load this package earlier.
)))
Package epstopdf-base Info: Redefining graphics rule for `.eps' on input line 4
38.
Package grfext Info: Graphics extension search list:
(grfext)             [.png,.pdf,.jpg,.mps,.jpeg,.jbig2,.jb2,.PNG,.PDF,.JPG,.JPE
G,.JBIG2,.JB2,.eps]
(grfext)             \AppendGraphicsExtensions on input line 456.

(/usr/local/texlive/2016basic/texmf-dist/tex/latex/latexconfig/epstopdf-sys.cfg
File: epstopdf-sys.cfg 2010/07/13 v1.3 Configuration of (r)epstopdf for TeX Liv
e
))

Package pgfplots Warning: running in backwards compatibility mode (unsuitable t
ick labels; missing features). Consider writing \pgfplotsset{compat=1.14} into 
your preamble.
 on input line 19.

LaTeX Font Info:    Try loading font information for U+msa on input line 29.
(/usr/local/texlive/2016basic/texmf-dist/tex/latex/amsfonts/umsa.fd
File: umsa.fd 2013/01/14 v3.01 AMS symbols A
)
LaTeX Font Info:    Try loading font information for U+msb on input line 29.

(/usr/local/texlive/2016basic/texmf-dist/tex/latex/amsfonts/umsb.fd
File: umsb.fd 2013/01/14 v3.01 AMS symbols B
)

Package Fancyhdr Warning: \headheight is too small (12.0pt): 
 Make it at least 14.49998pt.
 We now make it that large for the rest of the document.
 This may cause the page layout to be inconsistent, however.

[1{/usr/local/texlive/2016basic/texmf-var/fonts/map/pdftex/updmap/pdftex.map}

]

Package Fancyhdr Warning: \headheight is too small (12.0pt): 
 Make it at least 14.49998pt.
 We now make it that large for the rest of the document.
 This may cause the page layout to be inconsistent, however.

[2]

Package Fancyhdr Warning: \headheight is too small (12.0pt): 
 Make it at least 14.49998pt.
 We now make it that large for the rest of the document.
 This may cause the page layout to be inconsistent, however.

[3] <figures/problemset_1_1.pdf, id=26, 433.62pt x 289.08pt>
File: figures/problemset_1_1.pdf Graphic file (type pdf)

<use figures/problemset_1_1.pdf>
Package pdftex.def Info: figures/problemset_1_1.pdf used on input line 151.
(pdftex.def)             Requested size: 390.0pt x 260.01079pt.


Package Fancyhdr Warning: \headheight is too small (12.0pt): 
 Make it at least 14.49998pt.
 We now make it that large for the rest of the document.
 This may cause the page layout to be inconsistent, however.

[4]

Package Fancyhdr Warning: \headheight is too small (12.0pt): 
 Make it at least 14.49998pt.
 We now make it that large for the rest of the document.
 This may cause the page layout to be inconsistent, however.

[5 <./figures/problemset_1_1.pdf>]

Package Fancyhdr Warning: \headheight is too small (12.0pt): 
 Make it at least 14.49998pt.
 We now make it that large for the rest of the document.
 This may cause the page layout to be inconsistent, however.

[6] (./problemset.aux) ) 
Here is how much of TeX's memory you used:
 24974 strings out of 494447
 623533 string characters out of 6166766
 818548 words of memory out of 5000000
 27858 multiletter control sequences out of 15000+600000
 12602 words of font info for 47 fonts, out of 8000000 for 9000
 319 hyphenation exceptions out of 8191
 62i,12n,96p,734b,609s stack positions out of 5000i,500n,10000p,200000b,80000s
</usr/local/texlive/2016basic/texmf-dist/fonts/type1/pu
blic/amsfonts/cm/cmbx12.pfb></usr/local/texlive/2016basic/texmf-dist/fonts/type
1/public/amsfonts/cm/cmex10.pfb></usr/local/texlive/2016basic/texmf-dist/fonts/
type1/public/amsfonts/cm/cmmi12.pfb></usr/local/texlive/2016basic/texmf-dist/fo
nts/type1/public/amsfonts/cm/cmmi6.pfb></usr/local/texlive/2016basic/texmf-dist
/fonts/type1/public/amsfonts/cm/cmmi8.pfb></usr/local/texlive/2016basic/texmf-d
ist/fonts/type1/public/amsfonts/cm/cmr12.pfb></usr/local/texlive/2016basic/texm
f-dist/fonts/type1/public/amsfonts/cm/cmr6.pfb></usr/local/texlive/2016basic/te
xmf-dist/fonts/type1/public/amsfonts/cm/cmr8.pfb></usr/local/texlive/2016basic/
texmf-dist/fonts/type1/public/amsfonts/cm/cmsltt10.pfb></usr/local/texlive/2016
basic/texmf-dist/fonts/type1/public/amsfonts/cm/cmsy10.pfb></usr/local/texlive/
2016basic/texmf-dist/fonts/type1/public/amsfonts/cm/cmsy8.pfb></usr/local/texli
ve/2016basic/texmf-dist/fonts/type1/public/amsfonts/symbols/msbm10.pfb>
Output written on problemset.pdf (6 pages, 164642 bytes).
PDF statistics:
 100 PDF objects out of 1000 (max. 8388607)
 71 compressed objects within 1 object stream
 0 named destinations out of 1000 (max. 500000)
 18 words of extra memory for PDF output out of 10000 (max. 10000000)

